<?xml version="1.0" encoding="UTF-8"?>
<testng-results ignored="0" total="1" passed="1" failed="0" skipped="0">
  <reporter-output>
  </reporter-output>
  <suite started-at="2024-01-24T20:39:31 IST" name="Default suite" finished-at="2024-01-24T20:39:38 IST" duration-ms="7785">
    <groups>
    </groups>
    <test started-at="2024-01-24T20:39:31 IST" name="Default test" finished-at="2024-01-24T20:39:38 IST" duration-ms="7785">
      <class name="Rest_Day1.Rest_Day1">
        <test-method signature="fetchuser()[pri:0, instance:Rest_Day1.Rest_Day1@429bffaa]" started-at="2024-01-24T20:39:31 IST" name="fetchuser" finished-at="2024-01-24T20:39:38 IST" duration-ms="7670" status="PASS">
          <reporter-output>
          </reporter-output>
        </test-method> <!-- fetchuser -->
      </class> <!-- Rest_Day1.Rest_Day1 -->
    </test> <!-- Default test -->
  </suite> <!-- Default suite -->
</testng-results>
